[2014-07-29 12:15:14] myapp.INFO: Matched route "GET_get_job_illuminate" (parameters: "_controller": "{}", "_route": "GET_get_job_illuminate") [] []
[2014-07-29 12:15:14] myapp.INFO: > GET /get_job_illuminate [] []
[2014-07-29 12:15:14] myapp.INFO: < 200 [] []
[2014-07-29 12:27:27] myapp.INFO: > GET /add_job_illuminate [] []
[2014-07-29 12:27:27] myapp.INFO: Queue Job Added coming soon [] []
[2014-07-29 12:27:27] myapp.INFO: < 200 [] []
[2014-07-29 12:27:31] myapp.INFO: > GET /add_job_illuminate [] []
[2014-07-29 12:27:31] myapp.INFO: Queue Job Added coming soon [] []
[2014-07-29 12:27:31] myapp.INFO: < 200 [] []
[2014-07-29 12:29:46] myapp.INFO: > GET /add_job_illuminate [] []
[2014-07-29 12:32:15] myapp.INFO: > GET /add_job_illuminate [] []
[2014-07-29 12:32:15] myapp.INFO: Queue Job Added queue.add [] []
[2014-07-29 12:32:15] myapp.INFO: < 200 [] []
[2014-07-29 12:32:16] myapp.INFO: > GET /add_job_illuminate [] []
[2014-07-29 12:32:16] myapp.INFO: Queue Job Added queue.add [] []
[2014-07-29 12:32:16] myapp.INFO: < 200 [] []
[2014-07-29 12:32:20] myapp.INFO: > GET /add_job_illuminate [] []
[2014-07-29 12:32:20] myapp.INFO: Queue Job Added queue.add [] []
[2014-07-29 12:32:20] myapp.INFO: < 200 [] []
[2014-07-29 12:32:43] myapp.INFO: > GET /add_job_illuminate [] []
[2014-07-29 12:33:00] myapp.INFO: > GET /add_job_illuminate [] []
[2014-07-29 12:33:00] myapp.INFO: Queue Job Added queue.add [] []
[2014-07-29 12:33:00] myapp.INFO: < 200 [] []
[2014-07-29 12:52:58] myapp.INFO: Matched route "GET_add_job_illuminate" (parameters: "_controller": "{}", "_route": "GET_add_job_illuminate") [] []
[2014-07-29 12:52:58] myapp.INFO: > GET /add_job_illuminate [] []
[2014-07-29 12:54:09] myapp.INFO: Matched route "GET_add_job_illuminate" (parameters: "_controller": "{}", "_route": "GET_add_job_illuminate") [] []
[2014-07-29 12:54:09] myapp.INFO: > GET /add_job_illuminate [] []
[2014-07-29 12:54:09] myapp.INFO: Queue Job Added 19 [] []
[2014-07-29 12:54:09] myapp.INFO: < 200 [] []
[2014-07-29 12:54:26] myapp.INFO: Matched route "GET_add_job_illuminate" (parameters: "_controller": "{}", "_route": "GET_add_job_illuminate") [] []
[2014-07-29 12:54:26] myapp.INFO: > GET /add_job_illuminate [] []
[2014-07-29 12:55:16] myapp.INFO: Matched route "GET_add_job_illuminate" (parameters: "_controller": "{}", "_route": "GET_add_job_illuminate") [] []
[2014-07-29 12:55:16] myapp.INFO: > GET /add_job_illuminate [] []
[2014-07-29 12:55:16] myapp.INFO: Queue Job Added queue.added [] []
[2014-07-29 12:55:16] myapp.INFO: Queue Job Added 21 [] []
[2014-07-29 12:55:16] myapp.INFO: < 200 [] []
[2014-07-29 12:55:19] myapp.INFO: Matched route "GET_add_job_illuminate" (parameters: "_controller": "{}", "_route": "GET_add_job_illuminate") [] []
[2014-07-29 12:55:19] myapp.INFO: > GET /add_job_illuminate [] []
[2014-07-29 12:55:20] myapp.INFO: Queue Job Added queue.added [] []
[2014-07-29 12:55:20] myapp.INFO: Queue Job Added 22 [] []
[2014-07-29 12:55:20] myapp.INFO: < 200 [] []
[2014-07-29 12:55:21] myapp.INFO: Matched route "GET_add_job_illuminate" (parameters: "_controller": "{}", "_route": "GET_add_job_illuminate") [] []
[2014-07-29 12:55:21] myapp.INFO: > GET /add_job_illuminate [] []
[2014-07-29 12:55:21] myapp.INFO: Queue Job Added queue.added [] []
[2014-07-29 12:55:21] myapp.INFO: Queue Job Added 23 [] []
[2014-07-29 12:55:21] myapp.INFO: < 200 [] []
[2014-07-29 12:55:36] myapp.INFO: Matched route "GET_add_job_illuminate" (parameters: "_controller": "{}", "_route": "GET_add_job_illuminate") [] []
[2014-07-29 12:55:36] myapp.INFO: > GET /add_job_illuminate [] []
[2014-07-29 12:55:36] myapp.INFO: Event: Queue Job Added queue.added [] []
[2014-07-29 12:55:36] myapp.INFO: Queue Job Added 24 [] []
[2014-07-29 12:55:37] myapp.INFO: < 200 [] []
[2014-07-29 12:55:47] myapp.INFO: Matched route "GET_add_job_illuminate" (parameters: "_controller": "{}", "_route": "GET_add_job_illuminate") [] []
[2014-07-29 12:55:47] myapp.INFO: > GET /add_job_illuminate [] []
[2014-07-29 12:55:47] myapp.INFO: Event: Queue Job Added queue.added [] []
[2014-07-29 12:55:47] myapp.INFO: Queue Job Added 25 [] []
[2014-07-29 12:55:47] myapp.INFO: < 200 [] []
[2014-07-29 12:56:01] myapp.INFO: Matched route "GET_add_job_illuminate" (parameters: "_controller": "{}", "_route": "GET_add_job_illuminate") [] []
[2014-07-29 12:56:01] myapp.INFO: > GET /add_job_illuminate [] []
[2014-07-29 12:56:01] myapp.INFO: Event: Queue Job Added queue.added [] []
[2014-07-29 12:56:01] myapp.INFO: Queue Job Added 26 [] []
[2014-07-29 12:56:01] myapp.INFO: < 200 [] []
[2014-07-29 12:56:32] myapp.INFO: Matched route "GET_add_job_illuminate" (parameters: "_controller": "{}", "_route": "GET_add_job_illuminate") [] []
[2014-07-29 12:56:33] myapp.INFO: > GET /add_job_illuminate [] []
[2014-07-29 12:56:33] myapp.INFO: Event: Queue Job Added queue.added [] []
[2014-07-29 12:56:33] myapp.INFO: Queue Job Added 27 [] []
[2014-07-29 12:56:33] myapp.INFO: < 200 [] []
[2014-07-29 12:57:47] myapp.INFO: Matched route "GET_add_job_illuminate" (parameters: "_controller": "{}", "_route": "GET_add_job_illuminate") [] []
[2014-07-29 12:57:47] myapp.INFO: > GET /add_job_illuminate [] []
[2014-07-29 12:57:47] myapp.INFO: Event: Queue Job Added queue.added [] []
[2014-07-29 12:57:47] myapp.INFO: Queue Job Added 28 [] []
[2014-07-29 12:57:47] myapp.INFO: < 200 [] []
[2014-07-29 12:58:10] myapp.INFO: Matched route "GET_add_job_illuminate" (parameters: "_controller": "{}", "_route": "GET_add_job_illuminate") [] []
[2014-07-29 12:58:10] myapp.INFO: > GET /add_job_illuminate [] []
[2014-07-29 12:58:10] myapp.INFO: Event: Queue Job Added queue.added [] []
[2014-07-29 12:58:10] myapp.INFO: Queue Job Added 29 [] []
[2014-07-29 12:58:10] myapp.INFO: < 200 [] []
[2014-07-29 13:01:12] myapp.INFO: Matched route "GET_add_job_illuminate" (parameters: "_controller": "{}", "_route": "GET_add_job_illuminate") [] []
[2014-07-29 13:01:12] myapp.INFO: > GET /add_job_illuminate [] []
[2014-07-29 13:01:12] myapp.INFO: Event: Queue Job Added queue.added [] []
[2014-07-29 13:01:12] myapp.INFO: Queue Job Added 30 [] []
[2014-07-29 13:01:12] myapp.INFO: < 200 [] []
[2014-07-29 13:01:30] myapp.INFO: Matched route "GET_add_job_illuminate" (parameters: "_controller": "{}", "_route": "GET_add_job_illuminate") [] []
[2014-07-29 13:01:30] myapp.INFO: > GET /add_job_illuminate [] []
[2014-07-29 13:01:30] myapp.INFO: Event: Queue Job Added queue.added [] []
[2014-07-29 13:01:30] myapp.INFO: Queue Job Added 31 [] []
[2014-07-29 13:01:30] myapp.INFO: < 200 [] []
[2014-07-29 13:18:47] myapp.INFO: Matched route "GET_add_job_illuminate" (parameters: "_controller": "{}", "_route": "GET_add_job_illuminate") [] []
[2014-07-29 13:18:47] myapp.INFO: > GET /add_job_illuminate [] []
[2014-07-29 13:18:47] myapp.INFO: Queue Job Added 32 [] []
[2014-07-29 13:18:47] myapp.INFO: < 200 [] []
[2014-07-29 13:18:51] myapp.INFO: Matched route "GET_add_job_illuminate" (parameters: "_controller": "{}", "_route": "GET_add_job_illuminate") [] []
[2014-07-29 13:18:51] myapp.INFO: > GET /add_job_illuminate [] []
[2014-07-29 13:18:51] myapp.INFO: Queue Job Added 34 [] []
[2014-07-29 13:18:51] myapp.INFO: < 200 [] []
[2014-07-29 13:19:33] myapp.INFO: Matched route "GET_add_job_illuminate" (parameters: "_controller": "{}", "_route": "GET_add_job_illuminate") [] []
[2014-07-29 13:19:33] myapp.INFO: > GET /add_job_illuminate [] []
[2014-07-29 13:19:33] myapp.INFO: Event: Queue Job Added queue.job.added [] []
[2014-07-29 13:19:33] myapp.INFO: < 200 [] []
[2014-07-29 13:19:37] myapp.INFO: Matched route "GET_add_job_illuminate" (parameters: "_controller": "{}", "_route": "GET_add_job_illuminate") [] []
[2014-07-29 13:19:37] myapp.INFO: > GET /add_job_illuminate [] []
[2014-07-29 13:19:37] myapp.INFO: Event: Queue Job Added queue.job.added [] []
[2014-07-29 13:19:37] myapp.INFO: < 200 [] []
[2014-07-29 13:21:19] myapp.INFO: Matched route "GET_add_job_illuminate" (parameters: "_controller": "{}", "_route": "GET_add_job_illuminate") [] []
[2014-07-29 13:21:19] myapp.INFO: > GET /add_job_illuminate [] []
[2014-07-29 13:22:53] myapp.INFO: Matched route "GET_add_job_illuminate" (parameters: "_controller": "{}", "_route": "GET_add_job_illuminate") [] []
[2014-07-29 13:22:53] myapp.INFO: > GET /add_job_illuminate [] []
[2014-07-29 13:42:01] myapp.INFO: Matched route "GET_add_job_illuminate" (parameters: "_controller": "{}", "_route": "GET_add_job_illuminate") [] []
[2014-07-29 13:42:01] myapp.INFO: > GET /add_job_illuminate [] []
[2014-07-29 13:42:21] myapp.INFO: Matched route "GET_add_job_illuminate" (parameters: "_controller": "{}", "_route": "GET_add_job_illuminate") [] []
[2014-07-29 13:42:21] myapp.INFO: > GET /add_job_illuminate [] []
[2014-07-29 13:42:22] myapp.INFO: Matched route "GET_add_job_illuminate" (parameters: "_controller": "{}", "_route": "GET_add_job_illuminate") [] []
[2014-07-29 13:42:22] myapp.INFO: > GET /add_job_illuminate [] []
[2014-07-29 13:42:24] myapp.INFO: Matched route "GET_add_job_illuminate" (parameters: "_controller": "{}", "_route": "GET_add_job_illuminate") [] []
[2014-07-29 13:42:24] myapp.INFO: > GET /add_job_illuminate [] []
[2014-07-29 13:43:06] myapp.INFO: Matched route "GET_add_job_illuminate" (parameters: "_controller": "{}", "_route": "GET_add_job_illuminate") [] []
[2014-07-29 13:43:06] myapp.INFO: > GET /add_job_illuminate [] []
[2014-07-29 13:43:06] myapp.INFO: Event: Queue Job Added You are here [] []
[2014-07-29 13:43:06] myapp.INFO: < 200 [] []
[2014-07-29 13:44:09] myapp.INFO: Matched route "GET_add_job_illuminate" (parameters: "_controller": "{}", "_route": "GET_add_job_illuminate") [] []
[2014-07-29 13:44:09] myapp.INFO: > GET /add_job_illuminate [] []
[2014-07-29 13:44:09] myapp.INFO: Event: Queue Job Added 54 [] []
[2014-07-29 13:44:09] myapp.INFO: < 200 [] []
[2014-07-29 13:46:26] myapp.INFO: Matched route "GET_add_job_illuminate" (parameters: "_controller": "{}", "_route": "GET_add_job_illuminate") [] []
[2014-07-29 13:46:26] myapp.INFO: > GET /add_job_illuminate [] []
[2014-07-29 13:46:26] myapp.INFO: Event: Queue Job Added 56 [] []
[2014-07-29 13:46:26] myapp.INFO: < 200 [] []
[2014-07-29 13:46:40] myapp.INFO: Matched route "GET_add_job_illuminate" (parameters: "_controller": "{}", "_route": "GET_add_job_illuminate") [] []
[2014-07-29 13:46:40] myapp.INFO: > GET /add_job_illuminate [] []
[2014-07-29 13:46:40] myapp.INFO: Logging from passed app [] []
[2014-07-29 13:46:40] myapp.INFO: Event: Queue Job Added 58 [] []
[2014-07-29 13:46:40] myapp.INFO: < 200 [] []
[2014-07-29 13:54:16] myapp.INFO: Matched route "GET_add_job_illuminate" (parameters: "_controller": "{}", "_route": "GET_add_job_illuminate") [] []
[2014-07-29 13:54:16] myapp.INFO: > GET /add_job_illuminate [] []
[2014-07-29 13:54:43] myapp.INFO: Matched route "GET_add_job_illuminate" (parameters: "_controller": "{}", "_route": "GET_add_job_illuminate") [] []
[2014-07-29 13:54:43] myapp.INFO: > GET /add_job_illuminate [] []
[2014-07-29 13:54:43] myapp.INFO: < 200 [] []
[2014-07-29 15:22:35] myapp.INFO: Matched route "GET_add_job_illuminate" (parameters: "_controller": "{}", "_route": "GET_add_job_illuminate") [] []
[2014-07-29 15:22:35] myapp.INFO: > GET /add_job_illuminate [] []
[2014-07-29 15:22:35] myapp.INFO: < 200 [] []
[2014-07-29 15:22:59] myapp.INFO: Matched route "GET_add_job_illuminate" (parameters: "_controller": "{}", "_route": "GET_add_job_illuminate") [] []
[2014-07-29 15:22:59] myapp.INFO: > GET /add_job_illuminate [] []
[2014-07-29 15:22:59] myapp.INFO: < 200 [] []
[2014-07-29 15:23:10] myapp.INFO: Matched route "GET_add_job_illuminate" (parameters: "_controller": "{}", "_route": "GET_add_job_illuminate") [] []
[2014-07-29 15:23:10] myapp.INFO: > GET /add_job_illuminate [] []
[2014-07-29 15:23:10] myapp.INFO: < 200 [] []
[2014-07-29 15:23:13] myapp.INFO: Matched route "GET_add_job_illuminate" (parameters: "_controller": "{}", "_route": "GET_add_job_illuminate") [] []
[2014-07-29 15:23:13] myapp.INFO: > GET /add_job_illuminate [] []
[2014-07-29 15:23:13] myapp.INFO: < 200 [] []
[2014-07-29 15:23:28] myapp.INFO: Matched route "GET_add_job_illuminate" (parameters: "_controller": "{}", "_route": "GET_add_job_illuminate") [] []
[2014-07-29 15:23:28] myapp.INFO: > GET /add_job_illuminate [] []
[2014-07-29 15:26:16] myapp.INFO: Matched route "GET_add_job_illuminate" (parameters: "_controller": "{}", "_route": "GET_add_job_illuminate") [] []
[2014-07-29 15:26:16] myapp.INFO: > GET /add_job_illuminate [] []
[2014-07-29 15:26:16] myapp.INFO: Logging from passed app [] []
[2014-07-29 15:26:16] myapp.INFO: Event: Queue Job Added 70 [] []
[2014-07-29 15:26:16] myapp.INFO: < 200 [] []
[2014-07-29 15:27:39] myapp.INFO: Matched route "GET_add_job_illuminate" (parameters: "_controller": "{}", "_route": "GET_add_job_illuminate") [] []
[2014-07-29 15:27:39] myapp.INFO: > GET /add_job_illuminate [] []
[2014-07-29 15:27:39] myapp.INFO: Logging from queue.job.added 71 [] []
[2014-07-29 15:27:39] myapp.INFO: Event: Queue Job Added 71 [] []
[2014-07-29 15:27:39] myapp.INFO: < 200 [] []
[2014-07-29 15:41:02] myapp.INFO: Matched route "GET_add_job_illuminate" (parameters: "_controller": "{}", "_route": "GET_add_job_illuminate") [] []
[2014-07-29 15:41:02] myapp.INFO: > GET /add_job_illuminate [] []
[2014-07-29 15:41:02] myapp.INFO: Logging from queue.job.added.success vai passed Dispatcher72 [] []
[2014-07-29 15:41:02] myapp.INFO: < 200 [] []
[2014-07-29 15:52:48] myapp.INFO: Matched route "GET_add_job_illuminate" (parameters: "_controller": "{}", "_route": "GET_add_job_illuminate") [] []
[2014-07-29 15:52:48] myapp.INFO: > GET /add_job_illuminate [] []
[2014-07-29 15:52:48] myapp.INFO: Logging from queue.job.added.success vai passed Dispatcher 73 [] []
[2014-07-29 15:52:48] myapp.INFO: < 200 [] []
[2014-07-29 15:52:51] myapp.INFO: Matched route "GET_add_job_illuminate" (parameters: "_controller": "{}", "_route": "GET_add_job_illuminate") [] []
[2014-07-29 15:52:51] myapp.INFO: > GET /add_job_illuminate [] []
[2014-07-29 15:52:51] myapp.INFO: Logging from queue.job.added.success vai passed Dispatcher 74 [] []
[2014-07-29 15:52:51] myapp.INFO: < 200 [] []
[2014-07-29 15:53:51] myapp.INFO: Matched route "GET_add_job_illuminate" (parameters: "_controller": "{}", "_route": "GET_add_job_illuminate") [] []
[2014-07-29 15:53:51] myapp.INFO: > GET /add_job_illuminate [] []
[2014-07-29 15:53:51] myapp.INFO: Logging from queue.job.added.success vai passed Dispatcher Added job 75 [] []
[2014-07-29 15:53:51] myapp.INFO: < 200 [] []
[2014-07-29 15:54:10] myapp.INFO: Matched route "GET_add_job_illuminate" (parameters: "_controller": "{}", "_route": "GET_add_job_illuminate") [] []
[2014-07-29 15:54:10] myapp.INFO: > GET /add_job_illuminate [] []
[2014-07-29 15:54:10] myapp.INFO: Logging from queue.job.added.success vai passed Dispatcher Added job 76 [] []
[2014-07-29 15:54:10] myapp.INFO: < 200 [] []
[2014-07-29 15:54:12] myapp.INFO: Matched route "GET_add_job_illuminate" (parameters: "_controller": "{}", "_route": "GET_add_job_illuminate") [] []
[2014-07-29 15:54:12] myapp.INFO: > GET /add_job_illuminate [] []
[2014-07-29 15:54:12] myapp.INFO: Logging from queue.job.added.success vai passed Dispatcher Added job 77 [] []
[2014-07-29 15:54:12] myapp.INFO: < 200 [] []
[2014-07-29 15:54:14] myapp.INFO: Matched route "GET_add_job_illuminate" (parameters: "_controller": "{}", "_route": "GET_add_job_illuminate") [] []
[2014-07-29 15:54:14] myapp.INFO: > GET /add_job_illuminate [] []
[2014-07-29 15:54:14] myapp.INFO: Logging from queue.job.added.success vai passed Dispatcher Added job 78 [] []
[2014-07-29 15:54:14] myapp.INFO: < 200 [] []
[2014-07-29 15:54:46] myapp.INFO: Matched route "GET_add_job_illuminate" (parameters: "_controller": "{}", "_route": "GET_add_job_illuminate") [] []
[2014-07-29 15:54:46] myapp.INFO: > GET /add_job_illuminate [] []
[2014-07-29 15:55:56] myapp.INFO: Matched route "GET_add_job_illuminate" (parameters: "_controller": "{}", "_route": "GET_add_job_illuminate") [] []
[2014-07-29 15:55:56] myapp.INFO: > GET /add_job_illuminate [] []
[2014-07-29 15:56:17] myapp.INFO: Matched route "GET_add_job_illuminate" (parameters: "_controller": "{}", "_route": "GET_add_job_illuminate") [] []
[2014-07-29 15:56:17] myapp.INFO: > GET /add_job_illuminate [] []
[2014-07-29 15:57:36] myapp.INFO: Matched route "GET_add_job_illuminate" (parameters: "_controller": "{}", "_route": "GET_add_job_illuminate") [] []
[2014-07-29 15:57:36] myapp.INFO: > GET /add_job_illuminate [] []
[2014-07-29 15:57:38] myapp.INFO: Logging from queue.job.added.error messageSocket error 110: Connection timed out (connecting to 1.1.1.1:11300) [] []
[2014-07-29 15:57:38] myapp.INFO: < 400 [] []
[2014-07-29 16:09:55] myapp.INFO: Matched route "GET_add_job_illuminate" (parameters: "_controller": "{}", "_route": "GET_add_job_illuminate") [] []
[2014-07-29 16:09:55] myapp.INFO: > GET /add_job_illuminate [] []
[2014-07-29 16:09:55] myapp.INFO: Logging from queue.job.added.success vai passed Dispatcher Added job 79 [] []
[2014-07-29 16:09:55] myapp.INFO: < 200 [] []
[2014-07-29 16:09:57] myapp.INFO: Matched route "GET_add_job_illuminate" (parameters: "_controller": "{}", "_route": "GET_add_job_illuminate") [] []
[2014-07-29 16:09:57] myapp.INFO: > GET /add_job_illuminate [] []
[2014-07-29 16:09:57] myapp.INFO: Logging from queue.job.added.success vai passed Dispatcher Added job 80 [] []
[2014-07-29 16:09:57] myapp.INFO: < 200 [] []
[2014-07-29 16:09:59] myapp.INFO: Matched route "GET_add_job_illuminate" (parameters: "_controller": "{}", "_route": "GET_add_job_illuminate") [] []
[2014-07-29 16:09:59] myapp.INFO: > GET /add_job_illuminate [] []
[2014-07-29 16:09:59] myapp.INFO: Logging from queue.job.added.success vai passed Dispatcher Added job 81 [] []
[2014-07-29 16:09:59] myapp.INFO: < 200 [] []
[2014-07-29 16:10:30] myapp.INFO: Matched route "GET_add_job_illuminate" (parameters: "_controller": "{}", "_route": "GET_add_job_illuminate") [] []
[2014-07-29 16:10:30] myapp.INFO: > GET /add_job_illuminate [] []
[2014-07-29 16:10:30] myapp.INFO: Logging from queue.job.added.success vai passed Dispatcher Added job 82 [] []
[2014-07-29 16:10:30] myapp.INFO: < 200 [] []
[2014-07-29 16:20:38] myapp.INFO: Matched route "GET_get_job_illuminate" (parameters: "_controller": "{}", "_route": "GET_get_job_illuminate") [] []
[2014-07-29 16:20:38] myapp.INFO: > GET /get_job_illuminate [] []
[2014-07-29 16:22:24] myapp.INFO: Matched route "GET_get_job_illuminate" (parameters: "_controller": "{}", "_route": "GET_get_job_illuminate") [] []
[2014-07-29 16:22:24] myapp.INFO: > GET /get_job_illuminate [] []
[2014-07-29 16:23:56] myapp.INFO: Matched route "GET_get_job_illuminate" (parameters: "_controller": "{}", "_route": "GET_get_job_illuminate") [] []
[2014-07-29 16:23:56] myapp.INFO: > GET /get_job_illuminate [] []
[2014-07-29 16:24:14] myapp.INFO: Matched route "GET_get_job_illuminate" (parameters: "_controller": "{}", "_route": "GET_get_job_illuminate") [] []
[2014-07-29 16:24:14] myapp.INFO: > GET /get_job_illuminate [] []
[2014-07-29 16:24:14] myapp.INFO: < 200 [] []
[2014-07-29 16:31:24] myapp.INFO: Matched route "GET_get_job_illuminate" (parameters: "_controller": "{}", "_route": "GET_get_job_illuminate") [] []
[2014-07-29 16:31:24] myapp.INFO: > GET /get_job_illuminate [] []
[2014-07-29 16:31:24] myapp.INFO: < 200 [] []
[2014-07-29 16:31:25] myapp.INFO: Matched route "GET_get_job_illuminate" (parameters: "_controller": "{}", "_route": "GET_get_job_illuminate") [] []
[2014-07-29 16:31:25] myapp.INFO: > GET /get_job_illuminate [] []
[2014-07-29 16:31:25] myapp.INFO: < 200 [] []
[2014-07-29 16:31:40] myapp.INFO: Matched route "GET_get_job_illuminate" (parameters: "_controller": "{}", "_route": "GET_get_job_illuminate") [] []
[2014-07-29 16:31:40] myapp.INFO: > GET /get_job_illuminate [] []
[2014-07-29 16:31:40] myapp.INFO: < 200 [] []
[2014-07-29 16:31:56] myapp.INFO: Matched route "GET_get_job_illuminate" (parameters: "_controller": "{}", "_route": "GET_get_job_illuminate") [] []
[2014-07-29 16:31:56] myapp.INFO: > GET /get_job_illuminate [] []
[2014-07-29 16:31:57] myapp.INFO: < 200 [] []
[2014-07-29 16:32:15] myapp.INFO: Matched route "GET_get_job_illuminate" (parameters: "_controller": "{}", "_route": "GET_get_job_illuminate") [] []
[2014-07-29 16:32:15] myapp.INFO: > GET /get_job_illuminate [] []
[2014-07-29 16:32:15] myapp.INFO: < 200 [] []
[2014-07-29 16:33:18] myapp.INFO: Matched route "GET_get_job_illuminate" (parameters: "_controller": "{}", "_route": "GET_get_job_illuminate") [] []
[2014-07-29 16:33:18] myapp.INFO: > GET /get_job_illuminate [] []
[2014-07-29 16:33:18] myapp.INFO: < 200 [] []
[2014-07-29 16:33:20] myapp.INFO: Matched route "GET_get_job_illuminate" (parameters: "_controller": "{}", "_route": "GET_get_job_illuminate") [] []
[2014-07-29 16:33:20] myapp.INFO: > GET /get_job_illuminate [] []
[2014-07-29 16:33:20] myapp.INFO: < 200 [] []
[2014-07-29 16:33:24] myapp.INFO: Matched route "GET_get_job_illuminate" (parameters: "_controller": "{}", "_route": "GET_get_job_illuminate") [] []
[2014-07-29 16:33:24] myapp.INFO: > GET /get_job_illuminate [] []
[2014-07-29 16:33:24] myapp.INFO: < 200 [] []
[2014-07-29 16:33:27] myapp.INFO: Matched route "GET_get_job_illuminate" (parameters: "_controller": "{}", "_route": "GET_get_job_illuminate") [] []
[2014-07-29 16:33:27] myapp.INFO: > GET /get_job_illuminate [] []
[2014-07-29 16:33:27] myapp.INFO: < 200 [] []
[2014-07-29 16:33:32] myapp.INFO: Matched route "GET_get_job_illuminate" (parameters: "_controller": "{}", "_route": "GET_get_job_illuminate") [] []
[2014-07-29 16:33:32] myapp.INFO: > GET /get_job_illuminate [] []
[2014-07-29 16:33:32] myapp.INFO: < 200 [] []
[2014-07-29 16:33:40] myapp.INFO: Matched route "GET_get_job_illuminate" (parameters: "_controller": "{}", "_route": "GET_get_job_illuminate") [] []
[2014-07-29 16:33:40] myapp.INFO: > GET /get_job_illuminate [] []
[2014-07-29 16:33:40] myapp.INFO: < 200 [] []
[2014-07-29 16:33:41] myapp.INFO: Matched route "GET_get_job_illuminate" (parameters: "_controller": "{}", "_route": "GET_get_job_illuminate") [] []
[2014-07-29 16:33:41] myapp.INFO: > GET /get_job_illuminate [] []
[2014-07-29 16:33:41] myapp.INFO: < 200 [] []
[2014-07-29 16:33:49] myapp.INFO: Matched route "GET_get_job_illuminate" (parameters: "_controller": "{}", "_route": "GET_get_job_illuminate") [] []
[2014-07-29 16:33:49] myapp.INFO: > GET /get_job_illuminate [] []
[2014-07-29 16:33:49] myapp.INFO: < 200 [] []
[2014-07-29 16:33:51] myapp.INFO: Matched route "GET_get_job_illuminate" (parameters: "_controller": "{}", "_route": "GET_get_job_illuminate") [] []
[2014-07-29 16:33:51] myapp.INFO: > GET /get_job_illuminate [] []
[2014-07-29 16:33:51] myapp.INFO: < 200 [] []
[2014-07-29 16:33:52] myapp.INFO: Matched route "GET_get_job_illuminate" (parameters: "_controller": "{}", "_route": "GET_get_job_illuminate") [] []
[2014-07-29 16:33:52] myapp.INFO: > GET /get_job_illuminate [] []
[2014-07-29 16:33:52] myapp.INFO: < 200 [] []
[2014-07-29 16:34:02] myapp.INFO: Matched route "GET_get_job_illuminate" (parameters: "_controller": "{}", "_route": "GET_get_job_illuminate") [] []
[2014-07-29 16:34:02] myapp.INFO: > GET /get_job_illuminate [] []
[2014-07-29 16:34:03] myapp.INFO: < 200 [] []
[2014-07-29 16:34:04] myapp.INFO: Matched route "GET_get_job_illuminate" (parameters: "_controller": "{}", "_route": "GET_get_job_illuminate") [] []
[2014-07-29 16:34:04] myapp.INFO: > GET /get_job_illuminate [] []
[2014-07-29 16:34:04] myapp.INFO: < 200 [] []
[2014-07-29 16:34:06] myapp.INFO: Matched route "GET_get_job_illuminate" (parameters: "_controller": "{}", "_route": "GET_get_job_illuminate") [] []
[2014-07-29 16:34:06] myapp.INFO: > GET /get_job_illuminate [] []
[2014-07-29 16:34:06] myapp.INFO: < 200 [] []
[2014-07-29 16:34:37] myapp.INFO: Matched route "GET_get_job_illuminate" (parameters: "_controller": "{}", "_route": "GET_get_job_illuminate") [] []
[2014-07-29 16:34:37] myapp.INFO: > GET /get_job_illuminate [] []
[2014-07-29 16:34:37] myapp.INFO: < 200 [] []
[2014-07-29 16:34:40] myapp.INFO: Matched route "GET_get_job_illuminate" (parameters: "_controller": "{}", "_route": "GET_get_job_illuminate") [] []
[2014-07-29 16:34:40] myapp.INFO: > GET /get_job_illuminate [] []
[2014-07-29 16:34:40] myapp.INFO: < 200 [] []
[2014-07-29 16:34:50] myapp.INFO: Matched route "GET_get_job_illuminate" (parameters: "_controller": "{}", "_route": "GET_get_job_illuminate") [] []
[2014-07-29 16:34:50] myapp.INFO: > GET /get_job_illuminate [] []
[2014-07-29 16:34:50] myapp.INFO: < 200 [] []
[2014-07-29 16:35:02] myapp.INFO: Matched route "GET_get_job_illuminate" (parameters: "_controller": "{}", "_route": "GET_get_job_illuminate") [] []
[2014-07-29 16:35:02] myapp.INFO: > GET /get_job_illuminate [] []
[2014-07-29 16:35:02] myapp.INFO: < 200 [] []
[2014-07-29 16:35:05] myapp.INFO: Matched route "GET_get_job_illuminate" (parameters: "_controller": "{}", "_route": "GET_get_job_illuminate") [] []
[2014-07-29 16:35:05] myapp.INFO: > GET /get_job_illuminate [] []
[2014-07-29 16:35:05] myapp.INFO: < 200 [] []
[2014-07-29 16:35:33] myapp.INFO: Matched route "GET_get_job_illuminate" (parameters: "_controller": "{}", "_route": "GET_get_job_illuminate") [] []
[2014-07-29 16:35:33] myapp.INFO: > GET /get_job_illuminate [] []
[2014-07-29 16:35:33] myapp.INFO: < 200 [] []
[2014-07-29 16:36:33] myapp.INFO: Matched route "GET_get_job_illuminate" (parameters: "_controller": "{}", "_route": "GET_get_job_illuminate") [] []
[2014-07-29 16:36:33] myapp.INFO: > GET /get_job_illuminate [] []
[2014-07-29 16:36:33] myapp.INFO: < 200 [] []
[2014-07-29 16:36:35] myapp.INFO: Matched route "GET_get_job_illuminate" (parameters: "_controller": "{}", "_route": "GET_get_job_illuminate") [] []
[2014-07-29 16:36:35] myapp.INFO: > GET /get_job_illuminate [] []
[2014-07-29 16:36:35] myapp.INFO: < 200 [] []
[2014-07-29 16:37:39] myapp.INFO: Matched route "GET_get_job_illuminate" (parameters: "_controller": "{}", "_route": "GET_get_job_illuminate") [] []
[2014-07-29 16:37:39] myapp.INFO: > GET /get_job_illuminate [] []
[2014-07-29 16:37:39] myapp.INFO: < 200 [] []
[2014-07-29 16:48:26] myapp.INFO: Matched route "GET_get_job_illuminate" (parameters: "_controller": "{}", "_route": "GET_get_job_illuminate") [] []
[2014-07-29 16:48:26] myapp.INFO: > GET /get_job_illuminate [] []
[2014-07-29 16:48:27] myapp.INFO: < 200 [] []
[2014-07-29 16:48:38] myapp.INFO: Matched route "GET_get_job_illuminate" (parameters: "_controller": "{}", "_route": "GET_get_job_illuminate") [] []
[2014-07-29 16:48:38] myapp.INFO: > GET /get_job_illuminate [] []
[2014-07-29 16:48:38] myapp.INFO: < 200 [] []
[2014-07-29 16:50:11] myapp.INFO: Matched route "GET_get_job_illuminate" (parameters: "_controller": "{}", "_route": "GET_get_job_illuminate") [] []
[2014-07-29 16:50:11] myapp.INFO: > GET /get_job_illuminate [] []
[2014-07-29 16:50:11] myapp.INFO: < 200 [] []
[2014-07-29 16:51:21] myapp.INFO: Matched route "GET_get_job_illuminate" (parameters: "_controller": "{}", "_route": "GET_get_job_illuminate") [] []
[2014-07-29 16:51:21] myapp.INFO: > GET /get_job_illuminate [] []
[2014-07-29 16:51:21] myapp.INFO: < 200 [] []
[2014-07-29 16:51:30] myapp.INFO: Matched route "GET_get_job_illuminate" (parameters: "_controller": "{}", "_route": "GET_get_job_illuminate") [] []
[2014-07-29 16:51:30] myapp.INFO: > GET /get_job_illuminate [] []
[2014-07-29 16:52:09] myapp.INFO: Matched route "GET_get_job_illuminate" (parameters: "_controller": "{}", "_route": "GET_get_job_illuminate") [] []
[2014-07-29 16:52:09] myapp.INFO: > GET /get_job_illuminate [] []
[2014-07-29 16:52:09] myapp.INFO: < 200 [] []
[2014-07-29 16:52:18] myapp.INFO: Matched route "GET_get_job_illuminate" (parameters: "_controller": "{}", "_route": "GET_get_job_illuminate") [] []
[2014-07-29 16:52:18] myapp.INFO: > GET /get_job_illuminate [] []
[2014-07-29 16:52:18] myapp.INFO: < 200 [] []
[2014-07-29 16:52:57] myapp.INFO: Matched route "GET_get_job_illuminate" (parameters: "_controller": "{}", "_route": "GET_get_job_illuminate") [] []
[2014-07-29 16:52:57] myapp.INFO: > GET /get_job_illuminate [] []
[2014-07-29 16:55:10] myapp.INFO: Matched route "GET_get_job_illuminate" (parameters: "_controller": "{}", "_route": "GET_get_job_illuminate") [] []
[2014-07-29 16:55:10] myapp.INFO: > GET /get_job_illuminate [] []
[2014-07-29 16:55:10] myapp.INFO: < 200 [] []
[2014-07-29 16:55:16] myapp.INFO: Matched route "GET_get_job_illuminate" (parameters: "_controller": "{}", "_route": "GET_get_job_illuminate") [] []
[2014-07-29 16:55:16] myapp.INFO: > GET /get_job_illuminate [] []
[2014-07-29 16:55:54] myapp.INFO: Matched route "GET_get_job_illuminate" (parameters: "_controller": "{}", "_route": "GET_get_job_illuminate") [] []
[2014-07-29 16:55:54] myapp.INFO: > GET /get_job_illuminate [] []
[2014-07-29 16:55:54] myapp.INFO: < 200 [] []
[2014-07-29 16:55:58] myapp.INFO: Matched route "GET_get_job_illuminate" (parameters: "_controller": "{}", "_route": "GET_get_job_illuminate") [] []
[2014-07-29 16:55:58] myapp.INFO: > GET /get_job_illuminate [] []
[2014-07-29 16:56:03] myapp.INFO: Matched route "GET_get_job_illuminate" (parameters: "_controller": "{}", "_route": "GET_get_job_illuminate") [] []
[2014-07-29 16:56:03] myapp.INFO: > GET /get_job_illuminate [] []
[2014-07-29 16:57:12] myapp.INFO: Matched route "GET_get_job_illuminate" (parameters: "_controller": "{}", "_route": "GET_get_job_illuminate") [] []
[2014-07-29 16:57:12] myapp.INFO: > GET /get_job_illuminate [] []
[2014-07-29 16:57:12] myapp.INFO: < 200 [] []
[2014-07-29 16:57:16] myapp.INFO: Matched route "GET_get_job_illuminate" (parameters: "_controller": "{}", "_route": "GET_get_job_illuminate") [] []
[2014-07-29 16:57:16] myapp.INFO: > GET /get_job_illuminate [] []
[2014-07-29 16:57:16] myapp.INFO: < 200 [] []
[2014-07-29 16:57:25] myapp.INFO: Matched route "GET_get_job_illuminate" (parameters: "_controller": "{}", "_route": "GET_get_job_illuminate") [] []
[2014-07-29 16:57:25] myapp.INFO: > GET /get_job_illuminate [] []
[2014-07-29 16:57:25] myapp.INFO: < 200 [] []
[2014-07-29 16:57:32] myapp.INFO: Matched route "GET_get_job_illuminate" (parameters: "_controller": "{}", "_route": "GET_get_job_illuminate") [] []
[2014-07-29 16:57:32] myapp.INFO: > GET /get_job_illuminate [] []
[2014-07-29 16:57:42] myapp.INFO: Matched route "GET_get_job_illuminate" (parameters: "_controller": "{}", "_route": "GET_get_job_illuminate") [] []
[2014-07-29 16:57:42] myapp.INFO: > GET /get_job_illuminate [] []
[2014-07-29 16:57:42] myapp.INFO: < 200 [] []
[2014-07-29 16:58:02] myapp.INFO: Matched route "GET_get_job_illuminate" (parameters: "_controller": "{}", "_route": "GET_get_job_illuminate") [] []
[2014-07-29 16:58:02] myapp.INFO: > GET /get_job_illuminate [] []
[2014-07-29 16:58:02] myapp.INFO: < 200 [] []
[2014-07-29 16:59:23] myapp.INFO: Matched route "GET_get_job_illuminate" (parameters: "_controller": "{}", "_route": "GET_get_job_illuminate") [] []
[2014-07-29 16:59:23] myapp.INFO: > GET /get_job_illuminate [] []
[2014-07-29 16:59:23] myapp.INFO: < 200 [] []
[2014-07-29 17:01:07] myapp.INFO: Matched route "GET_get_job_illuminate" (parameters: "_controller": "{}", "_route": "GET_get_job_illuminate") [] []
[2014-07-29 17:01:07] myapp.INFO: > GET /get_job_illuminate [] []
[2014-07-29 17:01:15] myapp.INFO: Matched route "GET_get_job_illuminate" (parameters: "_controller": "{}", "_route": "GET_get_job_illuminate") [] []
[2014-07-29 17:01:15] myapp.INFO: > GET /get_job_illuminate [] []
[2014-07-29 17:02:52] myapp.INFO: Matched route "GET_get_job_illuminate" (parameters: "_controller": "{}", "_route": "GET_get_job_illuminate") [] []
[2014-07-29 17:02:52] myapp.INFO: > GET /get_job_illuminate [] []
[2014-07-29 17:04:37] myapp.INFO: Matched route "GET_get_job_illuminate" (parameters: "_controller": "{}", "_route": "GET_get_job_illuminate") [] []
[2014-07-29 17:04:37] myapp.INFO: > GET /get_job_illuminate [] []
[2014-07-29 17:06:32] myapp.INFO: Matched route "GET_get_job_illuminate" (parameters: "_controller": "{}", "_route": "GET_get_job_illuminate") [] []
[2014-07-29 17:06:32] myapp.INFO: > GET /get_job_illuminate [] []
[2014-07-29 17:09:23] myapp.INFO: Matched route "GET_get_job_illuminate" (parameters: "_controller": "{}", "_route": "GET_get_job_illuminate") [] []
[2014-07-29 17:09:23] myapp.INFO: > GET /get_job_illuminate [] []
[2014-07-29 17:09:23] myapp.INFO: < 200 [] []
[2014-07-29 17:09:39] myapp.INFO: Matched route "GET_get_job_illuminate" (parameters: "_controller": "{}", "_route": "GET_get_job_illuminate") [] []
[2014-07-29 17:09:39] myapp.INFO: > GET /get_job_illuminate [] []
[2014-07-29 17:09:39] myapp.INFO: < 200 [] []
[2014-07-29 17:10:01] myapp.INFO: Matched route "GET_get_job_illuminate" (parameters: "_controller": "{}", "_route": "GET_get_job_illuminate") [] []
[2014-07-29 17:10:01] myapp.INFO: > GET /get_job_illuminate [] []
[2014-07-29 17:10:31] myapp.INFO: Matched route "GET_get_job_illuminate" (parameters: "_controller": "{}", "_route": "GET_get_job_illuminate") [] []
[2014-07-29 17:10:31] myapp.INFO: > GET /get_job_illuminate [] []
[2014-07-29 17:12:33] myapp.INFO: Matched route "GET_get_job_illuminate" (parameters: "_controller": "{}", "_route": "GET_get_job_illuminate") [] []
[2014-07-29 17:12:33] myapp.INFO: > GET /get_job_illuminate [] []
[2014-07-29 17:12:46] myapp.INFO: Matched route "GET_get_job_illuminate" (parameters: "_controller": "{}", "_route": "GET_get_job_illuminate") [] []
[2014-07-29 17:12:46] myapp.INFO: > GET /get_job_illuminate [] []
[2014-07-29 17:13:08] myapp.INFO: Matched route "GET_get_job_illuminate" (parameters: "_controller": "{}", "_route": "GET_get_job_illuminate") [] []
[2014-07-29 17:13:08] myapp.INFO: > GET /get_job_illuminate [] []
[2014-07-29 17:14:06] myapp.INFO: Matched route "GET_get_job_illuminate" (parameters: "_controller": "{}", "_route": "GET_get_job_illuminate") [] []
[2014-07-29 17:14:06] myapp.INFO: > GET /get_job_illuminate [] []
[2014-07-29 17:14:10] myapp.INFO: Matched route "GET_get_job_illuminate" (parameters: "_controller": "{}", "_route": "GET_get_job_illuminate") [] []
[2014-07-29 17:14:10] myapp.INFO: > GET /get_job_illuminate [] []
[2014-07-29 17:14:18] myapp.INFO: Matched route "GET_get_job_illuminate" (parameters: "_controller": "{}", "_route": "GET_get_job_illuminate") [] []
[2014-07-29 17:14:18] myapp.INFO: > GET /get_job_illuminate [] []
[2014-07-29 17:14:51] myapp.INFO: Matched route "GET_get_job_illuminate" (parameters: "_controller": "{}", "_route": "GET_get_job_illuminate") [] []
[2014-07-29 17:14:51] myapp.INFO: > GET /get_job_illuminate [] []
[2014-07-29 17:15:05] myapp.INFO: Matched route "GET_get_job_illuminate" (parameters: "_controller": "{}", "_route": "GET_get_job_illuminate") [] []
[2014-07-29 17:15:05] myapp.INFO: > GET /get_job_illuminate [] []
[2014-07-29 17:17:54] myapp.INFO: Matched route "GET_get_job_illuminate" (parameters: "_controller": "{}", "_route": "GET_get_job_illuminate") [] []
[2014-07-29 17:17:54] myapp.INFO: > GET /get_job_illuminate [] []
[2014-07-29 17:19:30] myapp.INFO: Matched route "GET_get_job_illuminate" (parameters: "_controller": "{}", "_route": "GET_get_job_illuminate") [] []
[2014-07-29 17:19:30] myapp.INFO: > GET /get_job_illuminate [] []
[2014-07-29 17:19:30] myapp.INFO: < 200 [] []
[2014-07-29 17:26:18] myapp.INFO: Matched route "GET_get_job_illuminate" (parameters: "_controller": "{}", "_route": "GET_get_job_illuminate") [] []
[2014-07-29 17:26:18] myapp.INFO: > GET /get_job_illuminate [] []
[2014-07-29 17:26:18] myapp.INFO: < 200 [] []
[2014-07-29 17:26:21] myapp.INFO: Matched route "GET_get_job_illuminate" (parameters: "_controller": "{}", "_route": "GET_get_job_illuminate") [] []
[2014-07-29 17:26:21] myapp.INFO: > GET /get_job_illuminate [] []
[2014-07-29 17:26:21] myapp.INFO: < 200 [] []
[2014-07-29 17:26:25] myapp.INFO: Matched route "GET_get_job_illuminate" (parameters: "_controller": "{}", "_route": "GET_get_job_illuminate") [] []
[2014-07-29 17:26:25] myapp.INFO: > GET /get_job_illuminate [] []
[2014-07-29 17:26:25] myapp.INFO: < 200 [] []
[2014-07-29 17:26:49] myapp.INFO: Matched route "GET_add_job_illuminate" (parameters: "_controller": "{}", "_route": "GET_add_job_illuminate") [] []
[2014-07-29 17:26:49] myapp.INFO: > GET /add_job_illuminate [] []
[2014-07-29 17:26:49] myapp.INFO: Logging from queue.job.added.success vai passed Dispatcher Added job 83 [] []
[2014-07-29 17:26:49] myapp.INFO: < 200 [] []
[2014-07-29 17:26:58] myapp.INFO: Matched route "GET_get_job_illuminate" (parameters: "_controller": "{}", "_route": "GET_get_job_illuminate") [] []
[2014-07-29 17:26:58] myapp.INFO: > GET /get_job_illuminate [] []
[2014-07-29 17:26:58] myapp.INFO: < 200 [] []
[2014-07-29 17:32:23] myapp.INFO: Matched route "GET_get_job_illuminate" (parameters: "_controller": "{}", "_route": "GET_get_job_illuminate") [] []
[2014-07-29 17:32:23] myapp.INFO: > GET /get_job_illuminate [] []
[2014-07-29 17:32:23] myapp.INFO: < 200 [] []
[2014-07-29 17:43:25] myapp.INFO: Matched route "GET_get_job_illuminate" (parameters: "_controller": "{}", "_route": "GET_get_job_illuminate") [] []
[2014-07-29 17:43:25] myapp.INFO: > GET /get_job_illuminate [] []
[2014-07-29 17:43:25] myapp.INFO: < 200 [] []
[2014-07-29 17:43:30] myapp.INFO: Matched route "GET_get_job_illuminate" (parameters: "_controller": "{}", "_route": "GET_get_job_illuminate") [] []
[2014-07-29 17:43:30] myapp.INFO: > GET /get_job_illuminate [] []
[2014-07-29 17:43:30] myapp.INFO: < 200 [] []
